#
# There is insufficient memory for the Java Runtime Environment to continue.
# Native memory allocation (mmap) failed to map 255852544 bytes for G1 virtual space
# Possible reasons:
#   The system is out of physical RAM or swap space
#   The process is running with CompressedOops enabled, and the Java Heap may be blocking the growth of the native heap
# Possible solutions:
#   Reduce memory load on the system
#   Increase physical memory or swap space
#   Check if swap backing store is full
#   Decrease Java heap size (-Xmx/-Xms)
#   Decrease number of Java threads
#   Decrease Java thread stack sizes (-Xss)
#   Set larger code cache with -XX:ReservedCodeCacheSize=
#   JVM is running with Zero Based Compressed Oops mode in which the Java heap is
#     placed in the first 32GB address space. The Java Heap base address is the
#     maximum limit for the native heap growth. Please use -XX:HeapBaseMinAddress
#     to set the Java Heap base and to place the Java Heap above 32GB virtual address.
# This output file may be truncated or incomplete.
#
#  Out of Memory Error (os_windows.cpp:3548), pid=26400, tid=348
#
# JRE version:  (17.0.10+11) (build )
# Java VM: Java HotSpot(TM) 64-Bit Server VM (17.0.10+11-LTS-240, mixed mode, emulated-client, sharing, tiered, compressed oops, compressed class ptrs, g1 gc, windows-amd64)
# No core dump will be written. Minidumps are not enabled by default on client versions of Windows
#

---------------  S U M M A R Y ------------

Command Line: -XX:TieredStopAtLevel=1 -Dspring.profiles.active=local -Dspring.output.ansi.enabled=always -Dcom.sun.management.jmxremote -Dspring.jmx.enabled=true -Dspring.liveBeansView.mbeanDomain -Dspring.application.admin.enabled=true -Dmanagement.endpoints.jmx.exposure.include=* -javaagent:C:\Program Files\JetBrains\IntelliJ IDEA 2023.3.3\lib\idea_rt.jar=59629:C:\Program Files\JetBrains\IntelliJ IDEA 2023.3.3\bin -Dfile.encoding=UTF-8 org.graduate.shoefastbe.ShoeFastBeApplication

Host: AMD Ryzen 7 7840H with Radeon 780M Graphics, 16 cores, 15G,  Windows 11 , 64 bit Build 22621 (10.0.22621.4391)
Time: Mon Jan  6 20:13:11 2025 SE Asia Standard Time elapsed time: 0.019919 seconds (0d 0h 0m 0s)

---------------  T H R E A D  ---------------

Current thread (0x000001ddaf9dd750):  JavaThread "Unknown thread" [_thread_in_vm, id=348, stack(0x0000006ed5e00000,0x0000006ed5f00000)]

Stack: [0x0000006ed5e00000,0x0000006ed5f00000]
Native frames: (J=compiled Java code, j=interpreted, Vv=VM code, C=native code)
V  [jvm.dll+0x677a5a]
V  [jvm.dll+0x7d8b2d]
V  [jvm.dll+0x7da48e]
V  [jvm.dll+0x7daaf3]
V  [jvm.dll+0x2455ff]
V  [jvm.dll+0x6749b9]
V  [jvm.dll+0x669382]
V  [jvm.dll+0x302e96]
V  [jvm.dll+0x30a416]
V  [jvm.dll+0x359cbe]
V  [jvm.dll+0x359eef]
V  [jvm.dll+0x2d9e88]
V  [jvm.dll+0x2dadf4]
V  [jvm.dll+0x7aa551]
V  [jvm.dll+0x367911]
V  [jvm.dll+0x789639]
V  [jvm.dll+0x3eb30f]
V  [jvm.dll+0x3ecd91]
C  [jli.dll+0x5297]
C  [ucrtbase.dll+0x29333]
C  [KERNEL32.DLL+0x1259d]
C  [ntdll.dll+0x5af38]


---------------  P R O C E S S  ---------------

Threads class SMR info:
_java_thread_list=0x00007ffcf8576a18, length=0, elements={
}

Java Threads: ( => current thread )

Other Threads:
  0x000001ddafa46c00 GCTaskThread "GC Thread#0" [stack: 0x0000006ed5f00000,0x0000006ed6000000] [id=13404]
  0x000001ddafa56e60 ConcurrentGCThread "G1 Main Marker" [stack: 0x0000006ed6000000,0x0000006ed6100000] [id=38832]
  0x000001ddafa57870 ConcurrentGCThread "G1 Conc#0" [stack: 0x0000006ed6100000,0x0000006ed6200000] [id=21020]

[error occurred during error reporting (printing all threads), id 0xc0000005, EXCEPTION_ACCESS_VIOLATION (0xc0000005) at pc=0x00007ffcf7daaae7]

VM state: not at safepoint (not fully initialized)

VM Mutex/Monitor currently owned by a thread:  ([mutex/lock_event])
[0x000001ddaf9d9110] Heap_lock - owner thread: 0x000001ddaf9dd750

Heap address: 0x000000070ce00000, size: 3890 MB, Compressed Oops mode: Zero based, Oop shift amount: 3

CDS archive(s) mapped at: [0x0000000000000000-0x0000000000000000-0x0000000000000000), size 0, SharedBaseAddress: 0x0000000800000000, ArchiveRelocationMode: 1.
Narrow klass base: 0x0000000000000000, Narrow klass shift: 0, Narrow klass range: 0x0

GC Precious Log:
<Empty>

Heap:
 garbage-first heap   total 0K, used 0K [0x000000070ce00000, 0x0000000800000000)
  region size 2048K, 0 young (0K), 0 survivors (0K)

[error occurred during error reporting (printing heap information), id 0xc0000005, EXCEPTION_ACCESS_VIOLATION (0xc0000005) at pc=0x00007ffcf8191249]

GC Heap History (0 events):
No events

Deoptimization events (0 events):
No events

Classes unloaded (0 events):
No events

Classes redefined (0 events):
No events

Internal exceptions (0 events):
No events

VM Operations (0 events):
No events

Events (1 events):
Event: 0.016 Loaded shared library C:\Program Files\Java\jdk-17\bin\java.dll


Dynamic libraries:
0x00007ff7627c0000 - 0x00007ff7627d0000 	C:\Program Files\Java\jdk-17\bin\java.exe
0x00007ffd4d190000 - 0x00007ffd4d3a7000 	C:\Windows\SYSTEM32\ntdll.dll
0x00007ffd4bee0000 - 0x00007ffd4bfa4000 	C:\Windows\System32\KERNEL32.DLL
0x00007ffd4a5d0000 - 0x00007ffd4a98a000 	C:\Windows\System32\KERNELBASE.dll
0x00007ffd4aab0000 - 0x00007ffd4abc1000 	C:\Windows\System32\ucrtbase.dll
0x00007ffd30ac0000 - 0x00007ffd30ad9000 	C:\Program Files\Java\jdk-17\bin\jli.dll
0x00007ffd33fe0000 - 0x00007ffd33ffb000 	C:\Program Files\Java\jdk-17\bin\VCRUNTIME140.dll
0x00007ffd4ca40000 - 0x00007ffd4caf2000 	C:\Windows\System32\ADVAPI32.dll
0x00007ffd4d010000 - 0x00007ffd4d0b7000 	C:\Windows\System32\msvcrt.dll
0x00007ffd4be30000 - 0x00007ffd4bed7000 	C:\Windows\System32\sechost.dll
0x00007ffd4ae60000 - 0x00007ffd4ae88000 	C:\Windows\System32\bcrypt.dll
0x00007ffd4ba10000 - 0x00007ffd4bb24000 	C:\Windows\System32\RPCRT4.dll
0x00007ffd4bb30000 - 0x00007ffd4bcde000 	C:\Windows\System32\USER32.dll
0x00007ffd4adb0000 - 0x00007ffd4add6000 	C:\Windows\System32\win32u.dll
0x00007ffd36ea0000 - 0x00007ffd37132000 	C:\Windows\WinSxS\amd64_microsoft.windows.common-controls_6595b64144ccf1df_6.0.22621.4541_none_2710d1c57384c085\COMCTL32.dll
0x00007ffd4c1e0000 - 0x00007ffd4c209000 	C:\Windows\System32\GDI32.dll
0x00007ffd4abd0000 - 0x00007ffd4aceb000 	C:\Windows\System32\gdi32full.dll
0x00007ffd4a990000 - 0x00007ffd4aa2a000 	C:\Windows\System32\msvcp_win.dll
0x00007ffd43e20000 - 0x00007ffd43e2a000 	C:\Windows\SYSTEM32\VERSION.dll
0x00007ffd4bce0000 - 0x00007ffd4bd11000 	C:\Windows\System32\IMM32.DLL
0x00007ffd43dd0000 - 0x00007ffd43ddc000 	C:\Program Files\Java\jdk-17\bin\vcruntime140_1.dll
0x00007ffcfbcf0000 - 0x00007ffcfbd7e000 	C:\Program Files\Java\jdk-17\bin\msvcp140.dll
0x00007ffcf7ac0000 - 0x00007ffcf869f000 	C:\Program Files\Java\jdk-17\bin\server\jvm.dll
0x00007ffd4cf80000 - 0x00007ffd4cf88000 	C:\Windows\System32\PSAPI.DLL
0x00007ffd44280000 - 0x00007ffd442b4000 	C:\Windows\SYSTEM32\WINMM.dll
0x00007ffd229a0000 - 0x00007ffd229a9000 	C:\Windows\SYSTEM32\WSOCK32.dll
0x00007ffd4cf90000 - 0x00007ffd4d001000 	C:\Windows\System32\WS2_32.dll
0x00007ffd49550000 - 0x00007ffd49568000 	C:\Windows\SYSTEM32\kernel.appcore.dll
0x00007ffd34d30000 - 0x00007ffd34d3a000 	C:\Program Files\Java\jdk-17\bin\jimage.dll
0x00007ffd47fc0000 - 0x00007ffd481f2000 	C:\Windows\SYSTEM32\DBGHELP.DLL
0x00007ffd4c3f0000 - 0x00007ffd4c77f000 	C:\Windows\System32\combase.dll
0x00007ffd4b810000 - 0x00007ffd4b8e7000 	C:\Windows\System32\OLEAUT32.dll
0x00007ffd3c200000 - 0x00007ffd3c232000 	C:\Windows\SYSTEM32\dbgcore.DLL
0x00007ffd4aa30000 - 0x00007ffd4aaab000 	C:\Windows\System32\bcryptPrimitives.dll
0x00007ffd37be0000 - 0x00007ffd37bee000 	C:\Program Files\Java\jdk-17\bin\instrument.dll
0x00007ffd352c0000 - 0x00007ffd352e5000 	C:\Program Files\Java\jdk-17\bin\java.dll

dbghelp: loaded successfully - version: 4.0.5 - missing functions: none
symbol engine: initialized successfully - sym options: 0x614 - pdb path: .;C:\Program Files\Java\jdk-17\bin;C:\Windows\SYSTEM32;C:\Windows\WinSxS\amd64_microsoft.windows.common-controls_6595b64144ccf1df_6.0.22621.4541_none_2710d1c57384c085;C:\Program Files\Java\jdk-17\bin\server

VM Arguments:
jvm_args: -XX:TieredStopAtLevel=1 -Dspring.profiles.active=local -Dspring.output.ansi.enabled=always -Dcom.sun.management.jmxremote -Dspring.jmx.enabled=true -Dspring.liveBeansView.mbeanDomain -Dspring.application.admin.enabled=true -Dmanagement.endpoints.jmx.exposure.include=* -javaagent:C:\Program Files\JetBrains\IntelliJ IDEA 2023.3.3\lib\idea_rt.jar=59629:C:\Program Files\JetBrains\IntelliJ IDEA 2023.3.3\bin -Dfile.encoding=UTF-8 
java_command: org.graduate.shoefastbe.ShoeFastBeApplication
java_class_path (initial): D:\Project\shoe-fast-be\shoe-fast-be\target\classes;C:\Users\ADMIN\.m2\repository\io\jsonwebtoken\jjwt-api\0.11.5\jjwt-api-0.11.5.jar;C:\Users\ADMIN\.m2\repository\org\seleniumhq\selenium\selenium-java\4.26.0\selenium-java-4.26.0.jar;C:\Users\ADMIN\.m2\repository\org\seleniumhq\selenium\selenium-api\4.1.4\selenium-api-4.1.4.jar;C:\Users\ADMIN\.m2\repository\org\seleniumhq\selenium\selenium-chrome-driver\4.1.4\selenium-chrome-driver-4.1.4.jar;C:\Users\ADMIN\.m2\repository\org\seleniumhq\selenium\selenium-chromium-driver\4.1.4\selenium-chromium-driver-4.1.4.jar;C:\Users\ADMIN\.m2\repository\org\seleniumhq\selenium\selenium-json\4.1.4\selenium-json-4.1.4.jar;C:\Users\ADMIN\.m2\repository\org\seleniumhq\selenium\selenium-devtools-v128\4.26.0\selenium-devtools-v128-4.26.0.jar;C:\Users\ADMIN\.m2\repository\org\seleniumhq\selenium\selenium-devtools-v129\4.26.0\selenium-devtools-v129-4.26.0.jar;C:\Users\ADMIN\.m2\repository\org\seleniumhq\selenium\selenium-devtools-v130\4.26.0\selenium-devtools-v130-4.26.0.jar;C:\Users\ADMIN\.m2\repository\org\seleniumhq\selenium\selenium-devtools-v85\4.1.4\selenium-devtools-v85-4.1.4.jar;C:\Users\ADMIN\.m2\repository\org\seleniumhq\selenium\selenium-edge-driver\4.1.4\selenium-edge-driver-4.1.4.jar;C:\Users\ADMIN\.m2\repository\org\seleniumhq\selenium\selenium-firefox-driver\4.1.4\selenium-firefox-driver-4.1.4.jar;C:\Users\ADMIN\.m2\repository\org\seleniumhq\selenium\selenium-ie-driver\4.1.4\selenium-ie-driver-4.1.4.jar;C:\Users\ADMIN\.m2\repository\org\seleniumhq\selenium\selenium-remote-driver\4.1.4\selenium-remote-driver-4.1.4.jar;C:\Users\ADMIN\.m2\repository\io\netty\netty-buffer\4.1.100.Final\netty-buffer-4.1.100.Final.jar;C:\Users\ADMIN\.m2\repository\io\netty\netty-common\4.1.100.Final\netty-common-4.1.100.Final.jar;C:\Users\ADMIN\.m2\repository\io\netty\netty-transport-classes-epoll\4.1.100.Final\netty-transport-classes-epoll-4.1.100.Final.jar;C:\Users\ADMIN\.m2\repository\io\netty\netty-transport-class
Launcher Type: SUN_STANDARD

[Global flags]
     intx CICompilerCount                          = 12                                        {product} {ergonomic}
     uint ConcGCThreads                            = 3                                         {product} {ergonomic}
     uint G1ConcRefinementThreads                  = 13                                        {product} {ergonomic}
   size_t G1HeapRegionSize                         = 2097152                                   {product} {ergonomic}
    uintx GCDrainStackTargetSize                   = 64                                        {product} {ergonomic}
   size_t InitialHeapSize                          = 255852544                                 {product} {ergonomic}
     bool ManagementServer                         = true                                      {product} {command line}
   size_t MarkStackSize                            = 4194304                                   {product} {ergonomic}
   size_t MaxHeapSize                              = 4078960640                                {product} {ergonomic}
   size_t MinHeapDeltaBytes                        = 2097152                                   {product} {ergonomic}
   size_t MinHeapSize                              = 8388608                                   {product} {ergonomic}
    uintx NonProfiledCodeHeapSize                  = 0                                      {pd product} {ergonomic}
     bool ProfileInterpreter                       = false                                  {pd product} {command line}
    uintx ProfiledCodeHeapSize                     = 0                                      {pd product} {ergonomic}
   size_t SoftMaxHeapSize                          = 4078960640                             {manageable} {ergonomic}
     intx TieredStopAtLevel                        = 1                                         {product} {command line}
     bool UseCompressedClassPointers               = true                           {product lp64_product} {ergonomic}
     bool UseCompressedOops                        = true                           {product lp64_product} {ergonomic}
     bool UseG1GC                                  = true                                      {product} {ergonomic}
     bool UseLargePagesIndividualAllocation        = false                                  {pd product} {ergonomic}

Logging:
Log output configuration:
 #0: stdout all=warning uptime,level,tags
 #1: stderr all=off uptime,level,tags

Environment Variables:
PATH=C:\Windows\system32;C:\Windows;C:\Windows\System32\Wbem;C:\Windows\System32\WindowsPowerShell\v1.0\;C:\Windows\System32\OpenSSH\;C:\Program Files (x86)\NVIDIA Corporation\PhysX\Common;C:\Program Files\NVIDIA Corporation\NVIDIA NvDLISR;C:\Program Files\Git\cmd;C:\Program Files\nodejs\;C:\Program Files\Docker\Docker\resources\bin;C:\Program Files\Java\jdk-11\bin;C:\Program Files\Microsoft VS Code\bin;C:\Users\ADMIN\AppData\Local\Programs\Python\Python313\Scripts\;C:\Users\ADMIN\AppData\Local\Programs\Python\Python313\;C:\Users\ADMIN\AppData\Local\Microsoft\WindowsApps;C:\Users\ADMIN\AppData\Local\Android\sdk\platform-tools;C:\Users\ADMIN\AppData\Roaming\npm;C:\Program Files\heroku\bin
USERNAME=ADMIN
OS=Windows_NT
PROCESSOR_IDENTIFIER=AMD64 Family 25 Model 116 Stepping 1, AuthenticAMD



---------------  S Y S T E M  ---------------

OS:
 Windows 11 , 64 bit Build 22621 (10.0.22621.4391)
OS uptime: 11 days 11:25 hours
Hyper-V role detected

CPU: total 16 (initial active 16) (16 cores per cpu, 2 threads per core) family 25 model 116 stepping 1 microcode 0x0, cx8, cmov, fxsr, ht, mmx, 3dnowpref, sse, sse2, sse3, ssse3, sse4a, sse4.1, sse4.2, popcnt, lzcnt, tsc, tscinvbit, avx, avx2, aes, erms, clmul, bmi1, bmi2, adx, avx512f, avx512dq, avx512cd, avx512bw, avx512vl, sha, fma, vzeroupper, avx512_vpopcntdq, avx512_vpclmulqdq, avx512_vaes, avx512_vnni, clflush, clflushopt, avx512_vbmi2, avx512_vbmi, hv

Memory: 4k page, system-wide physical 15556M (310M free)
TotalPageFile size 47571M (AvailPageFile size 122M)
current process WorkingSet (physical memory assigned to process): 11M, peak: 11M
current process commit charge ("private bytes"): 66M, peak: 310M

vm_info: Java HotSpot(TM) 64-Bit Server VM (17.0.10+11-LTS-240) for windows-amd64 JRE (17.0.10+11-LTS-240), built on Dec 19 2023 21:47:25 by "mach5one" with MS VC++ 17.1 (VS2022)

END.
